[INFO] Scanning for projects...
[INFO] 
[INFO] ---------------< com.carboncredit:user-identity-service >---------------
[INFO] Building user-identity-service 0.0.1-SNAPSHOT
[INFO]   from pom.xml
[INFO] --------------------------------[ jar ]---------------------------------
[INFO] 
[INFO] --- clean:3.3.2:clean (default-clean) @ user-identity-service ---
[INFO] Deleting C:\Users\vrund\OneDrive\Desktop\cc\backend\user-identity-service\target
[INFO] 
[INFO] --- resources:3.3.1:resources (default-resources) @ user-identity-service ---
[INFO] Copying 1 resource from src\main\resources to target\classes
[INFO] Copying 0 resource from src\main\resources to target\classes
[INFO] 
[INFO] --- compiler:3.11.0:compile (default-compile) @ user-identity-service ---
[INFO] Changes detected - recompiling the module! :source
[INFO] Compiling 15 source files with javac [debug release 17] to target\classes
[INFO] -------------------------------------------------------------
[ERROR] COMPILATION ERROR : 
[INFO] -------------------------------------------------------------
[ERROR] /C:/Users/vrund/OneDrive/Desktop/cc/backend/user-identity-service/src/main/java/com/carboncredit/userservice/UserServiceApplication.java:[8,2] cannot find symbol
  symbol: class EnableDiscoveryClient
[INFO] 1 error
[INFO] -------------------------------------------------------------
[INFO] ------------------------------------------------------------------------
[INFO] BUILD FAILURE
[INFO] ------------------------------------------------------------------------
[INFO] Total time:  12.350 s
[INFO] Finished at: 2026-02-11T21:34:59+05:30
[INFO] ------------------------------------------------------------------------
[ERROR] Failed to execute goal org.apache.maven.plugins:maven-compiler-plugin:3.11.0:compile (default-compile) on project user-identity-service: Compilation failure
[ERROR] /C:/Users/vrund/OneDrive/Desktop/cc/backend/user-identity-service/src/main/java/com/carboncredit/userservice/UserServiceApplication.java:[8,2] cannot find symbol
[ERROR]   symbol: class EnableDiscoveryClient
[ERROR] 
[ERROR] -> [Help 1]
[ERROR] 
[ERROR] To see the full stack trace of the errors, re-run Maven with the -e switch.
[ERROR] Re-run Maven using the -X switch to enable full debug logging.
[ERROR] 
[ERROR] For more information about the errors and possible solutions, please read the following articles:
[ERROR] [Help 1] http://cwiki.apache.org/confluence/display/MAVEN/MojoFailureException
